<?xml version="1.0" encoding="UTF-8"?>
<testng-results skipped="0" failed="0" ignored="7" total="8" passed="1">
  <reporter-output>
  </reporter-output>
  <suite name="Default suite" duration-ms="20168" started-at="2018-08-27T07:52:08Z" finished-at="2018-08-27T07:52:28Z">
    <groups>
    </groups>
    <test name="Default test" duration-ms="20168" started-at="2018-08-27T07:52:08Z" finished-at="2018-08-27T07:52:28Z">
      <class name="com.imm.qa.testcases.HomePageTest">
        <test-method status="PASS" signature="setUp()[pri:0, instance:com.imm.qa.testcases.HomePageTest@548e7350]" name="setUp" is-config="true" duration-ms="12877" started-at="2018-08-27T07:52:08Z" finished-at="2018-08-27T07:52:21Z">
          <reporter-output>
          </reporter-output>
        </test-method> <!-- setUp -->
        <test-method status="PASS" signature="verifyDeleteCollectionLinkTest()[pri:7, instance:com.imm.qa.testcases.HomePageTest@548e7350]" name="verifyDeleteCollectionLinkTest" duration-ms="7146" started-at="2018-08-27T07:52:21Z" finished-at="2018-08-27T07:52:28Z">
          <reporter-output>
          </reporter-output>
        </test-method> <!-- verifyDeleteCollectionLinkTest -->
        <test-method status="PASS" signature="tearDown()[pri:0, instance:com.imm.qa.testcases.HomePageTest@548e7350]" name="tearDown" is-config="true" duration-ms="102" started-at="2018-08-27T07:52:28Z" finished-at="2018-08-27T07:52:28Z">
          <reporter-output>
          </reporter-output>
        </test-method> <!-- tearDown -->
      </class> <!-- com.imm.qa.testcases.HomePageTest -->
    </test> <!-- Default test -->
  </suite> <!-- Default suite -->
</testng-results>
