<?xml version="1.0" encoding="UTF-8"?>
<!-- Generated by org.testng.reporters.JUnitXMLReporter -->
<testsuite hostname="Akshay-desktop" ignored="0" name="IMM Application Test Cases" tests="4" failures="0" timestamp="24 Aug 2018 11:45:03 GMT" time="87.509" errors="0">
  <testcase name="loginPageTitleTest" time="0.028" classname="com.imm.qa.testcases.LoginPageTest"/>
  <testcase name="verifyHomePageTitleTest" time="0.02" classname="com.imm.qa.testcases.HomePageTest"/>
  <testcase name="verifyCategoryPageLabelTest" time="8.828" classname="com.imm.qa.testcases.CategoryDashboardTest"/>
  <testcase name="immLogoImageTest" time="8.095" classname="com.imm.qa.testcases.LoginPageTest"/>
</testsuite> <!-- IMM Application Test Cases -->
