<?xml version="1.0" encoding="UTF-8"?>
<!-- Generated by org.testng.reporters.JUnitXMLReporter -->
<testsuite hostname="Akshay-desktop" ignored="7" name="Default test" tests="1" failures="0" timestamp="27 Aug 2018 07:52:28 GMT" time="20.168" errors="0">
  <testcase name="verifyDeleteCollectionLinkTest" time="7.146" classname="com.imm.qa.testcases.HomePageTest"/>
  <testcase name="verifyUserNameTest" time="0.0" classname="com.imm.qa.testcases.HomePageTest">
    <ignored/>
  </testcase> <!-- verifyUserNameTest -->
  <testcase name="verifyHomePageTitleTest" time="0.0" classname="com.imm.qa.testcases.HomePageTest">
    <ignored/>
  </testcase> <!-- verifyHomePageTitleTest -->
  <testcase name="verifyCollectionLinkTest" time="0.0" classname="com.imm.qa.testcases.HomePageTest">
    <ignored/>
  </testcase> <!-- verifyCollectionLinkTest -->
  <testcase name="verifyImmLogoLinkTest" time="0.0" classname="com.imm.qa.testcases.HomePageTest">
    <ignored/>
  </testcase> <!-- verifyImmLogoLinkTest -->
  <testcase name="verifyCategoriesLinkTest" time="0.0" classname="com.imm.qa.testcases.HomePageTest">
    <ignored/>
  </testcase> <!-- verifyCategoriesLinkTest -->
  <testcase name="verifyEditCollectionLinkTest" time="0.0" classname="com.imm.qa.testcases.HomePageTest">
    <ignored/>
  </testcase> <!-- verifyEditCollectionLinkTest -->
  <testcase name="verifyAddCollectionLinkTest" time="0.0" classname="com.imm.qa.testcases.HomePageTest">
    <ignored/>
  </testcase> <!-- verifyAddCollectionLinkTest -->
</testsuite> <!-- Default test -->
