<?xml version="1.0" encoding="UTF-8"?>
<!-- Generated by org.testng.reporters.JUnitXMLReporter -->
<testsuite hostname="Akshay-desktop" ignored="0" name="Default test" tests="3" failures="0" timestamp="16 Aug 2018 10:59:08 GMT" time="35.598" errors="0">
  <testcase name="loginPageTitleTest" time="0.02" classname="com.imm.qa.testcases.LoginPageTest"/>
  <testcase name="immLogoImageTest" time="3.472" classname="com.imm.qa.testcases.LoginPageTest"/>
  <testcase name="loginTest" time="7.283" classname="com.imm.qa.testcases.LoginPageTest"/>
</testsuite> <!-- Default test -->
